{"timestamp":"2026-05-07T22:16:44.864661Z","level":"info","event":"DAG bundles loaded: dags-folder, example_dags","logger":"airflow.dag_processing.bundles.manager.DagBundlesManager","filename":"manager.py","lineno":179}
{"timestamp":"2026-05-07T22:16:44.865521Z","level":"info","event":"Filling up the DagBag from /home/khalidabdelrazk/projects/workshops/ELT-DuckDB-using-DBT-and-Airflow/airflow_home/dags/olist_end_to_end_pipeline.py","logger":"airflow.models.dagbag.DagBag","filename":"dagbag.py","lineno":593}
{"timestamp":"2026-05-07T22:16:44.886279Z","level":"warning","event":"section/key [openlineage/namespace] not found in config","logger":"airflow.configuration","filename":"configuration.py","lineno":1101}
{"timestamp":"2026-05-07T22:16:44.899506Z","level":"warning","event":"The `airflow.operators.bash.BashOperator` attribute is deprecated. Please use `'airflow.providers.standard.operators.bash.BashOperator'`.","category":"DeprecatedImportWarning","filename":"/home/khalidabdelrazk/projects/workshops/ELT-DuckDB-using-DBT-and-Airflow/airflow_home/dags/olist_end_to_end_pipeline.py","lineno":4,"logger":"py.warnings"}
{"timestamp":"2026-05-07T22:16:44.924390Z","level":"info","event":"Task instance is in running state","logger":"task.stdout"}
{"timestamp":"2026-05-07T22:16:44.924534Z","level":"info","event":" Previous state of the Task instance: TaskInstanceState.QUEUED","logger":"task.stdout"}
{"timestamp":"2026-05-07T22:16:44.924632Z","level":"info","event":"Current task name:ingest_csv_to_duckdb","logger":"task.stdout"}
{"timestamp":"2026-05-07T22:16:44.924681Z","level":"info","event":"Dag name:olist_end_to_end_pipeline","logger":"task.stdout"}
{"timestamp":"2026-05-07T22:16:44.925776Z","level":"info","event":"Tmp dir root location: /tmp","logger":"airflow.task.hooks.airflow.providers.standard.hooks.subprocess.SubprocessHook","filename":"subprocess.py","lineno":78}
{"timestamp":"2026-05-07T22:16:44.925924Z","level":"info","event":"Running command: ['/usr/bin/bash', '-c', \"'//home/khalidabdelrazk/projects/workshops/ELT-DuckDB-using-DBT-and-Airflow/.venv/bin/python' main.py\"]","logger":"airflow.task.hooks.airflow.providers.standard.hooks.subprocess.SubprocessHook","filename":"subprocess.py","lineno":88}
{"timestamp":"2026-05-07T22:16:44.938865Z","level":"info","event":"Output:","logger":"airflow.task.hooks.airflow.providers.standard.hooks.subprocess.SubprocessHook","filename":"subprocess.py","lineno":99}
{"timestamp":"2026-05-07T22:16:45.444493Z","level":"info","event":"Traceback (most recent call last):","logger":"airflow.task.hooks.airflow.providers.standard.hooks.subprocess.SubprocessHook","filename":"subprocess.py","lineno":106}
{"timestamp":"2026-05-07T22:16:45.444613Z","level":"info","event":"  File \"/home/khalidabdelrazk/projects/workshops/ELT-DuckDB-using-DBT-and-Airflow/ingestion/main.py\", line 12, in <module>","logger":"airflow.task.hooks.airflow.providers.standard.hooks.subprocess.SubprocessHook","filename":"subprocess.py","lineno":106}
{"timestamp":"2026-05-07T22:16:45.444660Z","level":"info","event":"    merged_df = fn.merge_ingested_data(config)","logger":"airflow.task.hooks.airflow.providers.standard.hooks.subprocess.SubprocessHook","filename":"subprocess.py","lineno":106}
{"timestamp":"2026-05-07T22:16:45.444697Z","level":"info","event":"  File \"/home/khalidabdelrazk/projects/workshops/ELT-DuckDB-using-DBT-and-Airflow/ingestion/functions.py\", line 40, in merge_ingested_data","logger":"airflow.task.hooks.airflow.providers.standard.hooks.subprocess.SubprocessHook","filename":"subprocess.py","lineno":106}
{"timestamp":"2026-05-07T22:16:45.444732Z","level":"info","event":"    orders = pd.read_csv(config.TABLES[\"orders\"][\"file_path\"])","logger":"airflow.task.hooks.airflow.providers.standard.hooks.subprocess.SubprocessHook","filename":"subprocess.py","lineno":106}
{"timestamp":"2026-05-07T22:16:45.444762Z","level":"info","event":"  File \"//home/khalidabdelrazk/projects/workshops/ELT-DuckDB-using-DBT-and-Airflow/.venv/lib/python3.10/site-packages/pandas/io/parsers/readers.py\", line 948, in read_csv","logger":"airflow.task.hooks.airflow.providers.standard.hooks.subprocess.SubprocessHook","filename":"subprocess.py","lineno":106}
{"timestamp":"2026-05-07T22:16:45.444821Z","level":"info","event":"    return _read(filepath_or_buffer, kwds)","logger":"airflow.task.hooks.airflow.providers.standard.hooks.subprocess.SubprocessHook","filename":"subprocess.py","lineno":106}
{"timestamp":"2026-05-07T22:16:45.444855Z","level":"info","event":"  File \"//home/khalidabdelrazk/projects/workshops/ELT-DuckDB-using-DBT-and-Airflow/.venv/lib/python3.10/site-packages/pandas/io/parsers/readers.py\", line 611, in _read","logger":"airflow.task.hooks.airflow.providers.standard.hooks.subprocess.SubprocessHook","filename":"subprocess.py","lineno":106}
{"timestamp":"2026-05-07T22:16:45.444887Z","level":"info","event":"    parser = TextFileReader(filepath_or_buffer, **kwds)","logger":"airflow.task.hooks.airflow.providers.standard.hooks.subprocess.SubprocessHook","filename":"subprocess.py","lineno":106}
{"timestamp":"2026-05-07T22:16:45.444919Z","level":"info","event":"  File \"//home/khalidabdelrazk/projects/workshops/ELT-DuckDB-using-DBT-and-Airflow/.venv/lib/python3.10/site-packages/pandas/io/parsers/readers.py\", line 1448, in __init__","logger":"airflow.task.hooks.airflow.providers.standard.hooks.subprocess.SubprocessHook","filename":"subprocess.py","lineno":106}
{"timestamp":"2026-05-07T22:16:45.444983Z","level":"info","event":"    self._engine = self._make_engine(f, self.engine)","logger":"airflow.task.hooks.airflow.providers.standard.hooks.subprocess.SubprocessHook","filename":"subprocess.py","lineno":106}
{"timestamp":"2026-05-07T22:16:45.445015Z","level":"info","event":"  File \"//home/khalidabdelrazk/projects/workshops/ELT-DuckDB-using-DBT-and-Airflow/.venv/lib/python3.10/site-packages/pandas/io/parsers/readers.py\", line 1705, in _make_engine","logger":"airflow.task.hooks.airflow.providers.standard.hooks.subprocess.SubprocessHook","filename":"subprocess.py","lineno":106}
{"timestamp":"2026-05-07T22:16:45.445269Z","level":"info","event":"    self.handles = get_handle(","logger":"airflow.task.hooks.airflow.providers.standard.hooks.subprocess.SubprocessHook","filename":"subprocess.py","lineno":106}
{"timestamp":"2026-05-07T22:16:45.445337Z","level":"info","event":"  File \"//home/khalidabdelrazk/projects/workshops/ELT-DuckDB-using-DBT-and-Airflow/.venv/lib/python3.10/site-packages/pandas/io/common.py\", line 863, in get_handle","logger":"airflow.task.hooks.airflow.providers.standard.hooks.subprocess.SubprocessHook","filename":"subprocess.py","lineno":106}
{"timestamp":"2026-05-07T22:16:45.445380Z","level":"info","event":"    handle = open(","logger":"airflow.task.hooks.airflow.providers.standard.hooks.subprocess.SubprocessHook","filename":"subprocess.py","lineno":106}
{"timestamp":"2026-05-07T22:16:45.445417Z","level":"info","event":"FileNotFoundError: [Errno 2] No such file or directory: '../data/olist_orders_dataset.csv'","logger":"airflow.task.hooks.airflow.providers.standard.hooks.subprocess.SubprocessHook","filename":"subprocess.py","lineno":106}
{"timestamp":"2026-05-07T22:16:45.518365Z","level":"info","event":"Command exited with return code 1","logger":"airflow.task.hooks.airflow.providers.standard.hooks.subprocess.SubprocessHook","filename":"subprocess.py","lineno":110}
{"timestamp":"2026-05-07T22:16:45.518791Z","level":"error","event":"Task failed with exception","logger":"task","filename":"task_runner.py","lineno":972,"error_detail":[{"exc_type":"AirflowException","exc_value":"Bash command failed. The command returned a non-zero exit code 1.","exc_notes":[],"syntax_error":null,"is_cause":false,"frames":[{"filename":"/home/khalidabdelrazk/projects/workshops/ELT-DuckDB-using-DBT-and-Airflow/.venv/lib/python3.10/site-packages/airflow/sdk/execution_time/task_runner.py","lineno":920,"name":"run"},{"filename":"/home/khalidabdelrazk/projects/workshops/ELT-DuckDB-using-DBT-and-Airflow/.venv/lib/python3.10/site-packages/airflow/sdk/execution_time/task_runner.py","lineno":1307,"name":"_execute_task"},{"filename":"/home/khalidabdelrazk/projects/workshops/ELT-DuckDB-using-DBT-and-Airflow/.venv/lib/python3.10/site-packages/airflow/sdk/bases/operator.py","lineno":416,"name":"wrapper"},{"filename":"/home/khalidabdelrazk/projects/workshops/ELT-DuckDB-using-DBT-and-Airflow/.venv/lib/python3.10/site-packages/airflow/providers/standard/operators/bash.py","lineno":232,"name":"execute"}],"is_group":false,"exceptions":[]}]}
{"timestamp":"2026-05-07T22:16:45.519877Z","level":"info","event":"Task instance in failure state","logger":"task.stdout"}
{"timestamp":"2026-05-07T22:16:45.520490Z","level":"info","event":"Task start","logger":"task.stdout"}
{"timestamp":"2026-05-07T22:16:45.520558Z","level":"info","event":"Task:<Task(BashOperator): ingest_csv_to_duckdb>","logger":"task.stdout"}
{"timestamp":"2026-05-07T22:16:45.520603Z","level":"info","event":"Failure caused by Bash command failed. The command returned a non-zero exit code 1.","logger":"task.stdout"}
