{"timestamp":"2026-05-07T23:04:41.192745Z","level":"info","event":"DAG bundles loaded: dags-folder, example_dags","logger":"airflow.dag_processing.bundles.manager.DagBundlesManager","filename":"manager.py","lineno":179}
{"timestamp":"2026-05-07T23:04:41.193472Z","level":"info","event":"Filling up the DagBag from /home/khalidabdelrazk/projects/workshops/ELT-DuckDB-using-DBT-and-Airflow/airflow_home/dags/olist_end_to_end_pipeline.py","logger":"airflow.models.dagbag.DagBag","filename":"dagbag.py","lineno":593}
{"timestamp":"2026-05-07T23:04:41.235513Z","level":"info","event":"Task instance is in running state","logger":"task.stdout"}
{"timestamp":"2026-05-07T23:04:41.235649Z","level":"info","event":" Previous state of the Task instance: TaskInstanceState.QUEUED","logger":"task.stdout"}
{"timestamp":"2026-05-07T23:04:41.235745Z","level":"info","event":"Current task name:ingest_csv_to_duckdb","logger":"task.stdout"}
{"timestamp":"2026-05-07T23:04:41.235796Z","level":"info","event":"Dag name:olist_end_to_end_pipeline","logger":"task.stdout"}
{"timestamp":"2026-05-07T23:04:41.236360Z","level":"info","event":"Tmp dir root location: /tmp","logger":"airflow.task.hooks.airflow.providers.standard.hooks.subprocess.SubprocessHook","filename":"subprocess.py","lineno":78}
{"timestamp":"2026-05-07T23:04:41.236493Z","level":"info","event":"Running command: ['/usr/bin/bash', '-c', '/home/khalidabdelrazk/projects/workshops/ELT-DuckDB-using-DBT-and-Airflow/.venv/bin/python main.py']","logger":"airflow.task.hooks.airflow.providers.standard.hooks.subprocess.SubprocessHook","filename":"subprocess.py","lineno":88}
{"timestamp":"2026-05-07T23:04:41.248781Z","level":"info","event":"Output:","logger":"airflow.task.hooks.airflow.providers.standard.hooks.subprocess.SubprocessHook","filename":"subprocess.py","lineno":99}
{"timestamp":"2026-05-07T23:04:45.559690Z","level":"info","event":"Latest timestamp in orders: 2018-10-17 17:30:18","logger":"airflow.task.hooks.airflow.providers.standard.hooks.subprocess.SubprocessHook","filename":"subprocess.py","lineno":106}
{"timestamp":"2026-05-07T23:04:45.559914Z","level":"info","event":"--- Processing: orders ---","logger":"airflow.task.hooks.airflow.providers.standard.hooks.subprocess.SubprocessHook","filename":"subprocess.py","lineno":106}
{"timestamp":"2026-05-07T23:04:45.560013Z","level":"info","event":"Found 0 new records for orders.","logger":"airflow.task.hooks.airflow.providers.standard.hooks.subprocess.SubprocessHook","filename":"subprocess.py","lineno":106}
{"timestamp":"2026-05-07T23:04:45.560067Z","level":"info","event":"No new records for orders.","logger":"airflow.task.hooks.airflow.providers.standard.hooks.subprocess.SubprocessHook","filename":"subprocess.py","lineno":106}
{"timestamp":"2026-05-07T23:04:45.560131Z","level":"info","event":"--- Processing: order_items ---","logger":"airflow.task.hooks.airflow.providers.standard.hooks.subprocess.SubprocessHook","filename":"subprocess.py","lineno":106}
{"timestamp":"2026-05-07T23:04:45.560184Z","level":"info","event":"Found 0 new records for order_items.","logger":"airflow.task.hooks.airflow.providers.standard.hooks.subprocess.SubprocessHook","filename":"subprocess.py","lineno":106}
{"timestamp":"2026-05-07T23:04:45.560247Z","level":"info","event":"No new records for order_items.","logger":"airflow.task.hooks.airflow.providers.standard.hooks.subprocess.SubprocessHook","filename":"subprocess.py","lineno":106}
{"timestamp":"2026-05-07T23:04:45.560300Z","level":"info","event":"--- Processing: customers ---","logger":"airflow.task.hooks.airflow.providers.standard.hooks.subprocess.SubprocessHook","filename":"subprocess.py","lineno":106}
{"timestamp":"2026-05-07T23:04:45.560357Z","level":"info","event":"Found 0 new records for customers.","logger":"airflow.task.hooks.airflow.providers.standard.hooks.subprocess.SubprocessHook","filename":"subprocess.py","lineno":106}
{"timestamp":"2026-05-07T23:04:45.560417Z","level":"info","event":"No new records for customers.","logger":"airflow.task.hooks.airflow.providers.standard.hooks.subprocess.SubprocessHook","filename":"subprocess.py","lineno":106}
{"timestamp":"2026-05-07T23:04:45.560470Z","level":"info","event":"--- Processing: products ---","logger":"airflow.task.hooks.airflow.providers.standard.hooks.subprocess.SubprocessHook","filename":"subprocess.py","lineno":106}
{"timestamp":"2026-05-07T23:04:45.560528Z","level":"info","event":"Found 0 new records for products.","logger":"airflow.task.hooks.airflow.providers.standard.hooks.subprocess.SubprocessHook","filename":"subprocess.py","lineno":106}
{"timestamp":"2026-05-07T23:04:45.560585Z","level":"info","event":"No new records for products.","logger":"airflow.task.hooks.airflow.providers.standard.hooks.subprocess.SubprocessHook","filename":"subprocess.py","lineno":106}
{"timestamp":"2026-05-07T23:04:45.560644Z","level":"info","event":"--- Processing: sellers ---","logger":"airflow.task.hooks.airflow.providers.standard.hooks.subprocess.SubprocessHook","filename":"subprocess.py","lineno":106}
{"timestamp":"2026-05-07T23:04:45.560703Z","level":"info","event":"Found 0 new records for sellers.","logger":"airflow.task.hooks.airflow.providers.standard.hooks.subprocess.SubprocessHook","filename":"subprocess.py","lineno":106}
{"timestamp":"2026-05-07T23:04:45.560761Z","level":"info","event":"No new records for sellers.","logger":"airflow.task.hooks.airflow.providers.standard.hooks.subprocess.SubprocessHook","filename":"subprocess.py","lineno":106}
{"timestamp":"2026-05-07T23:04:45.560821Z","level":"info","event":"--- Processing: reviews ---","logger":"airflow.task.hooks.airflow.providers.standard.hooks.subprocess.SubprocessHook","filename":"subprocess.py","lineno":106}
{"timestamp":"2026-05-07T23:04:45.560880Z","level":"info","event":"Found 0 new records for reviews.","logger":"airflow.task.hooks.airflow.providers.standard.hooks.subprocess.SubprocessHook","filename":"subprocess.py","lineno":106}
{"timestamp":"2026-05-07T23:04:45.560936Z","level":"info","event":"No new records for reviews.","logger":"airflow.task.hooks.airflow.providers.standard.hooks.subprocess.SubprocessHook","filename":"subprocess.py","lineno":106}
{"timestamp":"2026-05-07T23:04:45.560995Z","level":"info","event":"--- Processing: payments ---","logger":"airflow.task.hooks.airflow.providers.standard.hooks.subprocess.SubprocessHook","filename":"subprocess.py","lineno":106}
{"timestamp":"2026-05-07T23:04:45.561055Z","level":"info","event":"Found 0 new records for payments.","logger":"airflow.task.hooks.airflow.providers.standard.hooks.subprocess.SubprocessHook","filename":"subprocess.py","lineno":106}
{"timestamp":"2026-05-07T23:04:45.561122Z","level":"info","event":"No new records for payments.","logger":"airflow.task.hooks.airflow.providers.standard.hooks.subprocess.SubprocessHook","filename":"subprocess.py","lineno":106}
{"timestamp":"2026-05-07T23:04:45.561180Z","level":"info","event":"--- Processing: geolocation ---","logger":"airflow.task.hooks.airflow.providers.standard.hooks.subprocess.SubprocessHook","filename":"subprocess.py","lineno":106}
{"timestamp":"2026-05-07T23:04:45.561239Z","level":"info","event":"Found 0 new records for geolocation.","logger":"airflow.task.hooks.airflow.providers.standard.hooks.subprocess.SubprocessHook","filename":"subprocess.py","lineno":106}
{"timestamp":"2026-05-07T23:04:45.561309Z","level":"info","event":"No new records for geolocation.","logger":"airflow.task.hooks.airflow.providers.standard.hooks.subprocess.SubprocessHook","filename":"subprocess.py","lineno":106}
{"timestamp":"2026-05-07T23:04:45.690962Z","level":"info","event":"Command exited with return code 0","logger":"airflow.task.hooks.airflow.providers.standard.hooks.subprocess.SubprocessHook","filename":"subprocess.py","lineno":110}
{"timestamp":"2026-05-07T23:04:45.691598Z","level":"info","event":"Pushing xcom","ti":"RuntimeTaskInstance(id=UUID('019e04af-a34b-7d93-9e4c-28524fd73c8e'), task_id='ingest_csv_to_duckdb', dag_id='olist_end_to_end_pipeline', run_id='manual__2026-05-07T23:04:40.001899+00:00', try_number=1, dag_version_id=UUID('019e04ae-9075-7d81-8be7-f5710ec1850a'), map_index=-1, hostname='khalidabdelrazk-HP-ZBook-15-G4', context_carrier={}, task=<Task(BashOperator): ingest_csv_to_duckdb>, bundle_instance=LocalDagBundle(name=dags-folder), max_tries=0, start_date=datetime.datetime(2026, 5, 7, 23, 4, 41, 164434, tzinfo=datetime.timezone.utc), end_date=None, state=<TaskInstanceState.RUNNING: 'running'>, is_mapped=False, rendered_map_index=None)","logger":"task","filename":"task_runner.py","lineno":1352}
{"timestamp":"2026-05-07T23:04:45.728447Z","level":"info","event":"Task instance in success state","logger":"task.stdout"}
{"timestamp":"2026-05-07T23:04:45.728615Z","level":"info","event":" Previous state of the Task instance: TaskInstanceState.RUNNING","logger":"task.stdout"}
{"timestamp":"2026-05-07T23:04:45.729162Z","level":"info","event":"Task operator:<Task(BashOperator): ingest_csv_to_duckdb>","logger":"task.stdout"}
