{"timestamp":"2026-05-07T22:59:55.977690Z","level":"info","event":"DAG bundles loaded: dags-folder, example_dags","logger":"airflow.dag_processing.bundles.manager.DagBundlesManager","filename":"manager.py","lineno":179}
{"timestamp":"2026-05-07T22:59:55.978445Z","level":"info","event":"Filling up the DagBag from /home/khalidabdelrazk/projects/workshops/ELT-DuckDB-using-DBT-and-Airflow/airflow_home/dags/olist_end_to_end_pipeline.py","logger":"airflow.models.dagbag.DagBag","filename":"dagbag.py","lineno":593}
{"timestamp":"2026-05-07T22:59:55.990068Z","level":"warning","event":"The `airflow.operators.bash.BashOperator` attribute is deprecated. Please use `'airflow.providers.standard.operators.bash.BashOperator'`.","category":"DeprecatedImportWarning","filename":"/home/khalidabdelrazk/projects/workshops/ELT-DuckDB-using-DBT-and-Airflow/airflow_home/dags/olist_end_to_end_pipeline.py","lineno":4,"logger":"py.warnings"}
{"timestamp":"2026-05-07T22:59:56.016631Z","level":"info","event":"Task instance is in running state","logger":"task.stdout"}
{"timestamp":"2026-05-07T22:59:56.016948Z","level":"info","event":" Previous state of the Task instance: TaskInstanceState.QUEUED","logger":"task.stdout"}
{"timestamp":"2026-05-07T22:59:56.017103Z","level":"info","event":"Current task name:dbt_run_transformations","logger":"task.stdout"}
{"timestamp":"2026-05-07T22:59:56.017212Z","level":"info","event":"Dag name:olist_end_to_end_pipeline","logger":"task.stdout"}
{"timestamp":"2026-05-07T22:59:56.018006Z","level":"info","event":"Tmp dir root location: /tmp","logger":"airflow.task.hooks.airflow.providers.standard.hooks.subprocess.SubprocessHook","filename":"subprocess.py","lineno":78}
{"timestamp":"2026-05-07T22:59:56.018162Z","level":"info","event":"Running command: ['/usr/bin/bash', '-c', \"'//home/khalidabdelrazk/projects/workshops/ELT-DuckDB-using-DBT-and-Airflow/.venv/bin/dbt' run --profiles-dir /home/khalidabdelrazk/.dbt\"]","logger":"airflow.task.hooks.airflow.providers.standard.hooks.subprocess.SubprocessHook","filename":"subprocess.py","lineno":88}
{"timestamp":"2026-05-07T22:59:56.030341Z","level":"info","event":"Output:","logger":"airflow.task.hooks.airflow.providers.standard.hooks.subprocess.SubprocessHook","filename":"subprocess.py","lineno":99}
{"timestamp":"2026-05-07T22:59:57.477347Z","level":"info","event":"\u001b[0m22:59:57  Running with dbt=1.8.8","logger":"airflow.task.hooks.airflow.providers.standard.hooks.subprocess.SubprocessHook","filename":"subprocess.py","lineno":106}
{"timestamp":"2026-05-07T22:59:57.574647Z","level":"info","event":"\u001b[0m22:59:57  Encountered an error:","logger":"airflow.task.hooks.airflow.providers.standard.hooks.subprocess.SubprocessHook","filename":"subprocess.py","lineno":106}
{"timestamp":"2026-05-07T22:59:57.574756Z","level":"info","event":"MicrobatchConcurrency","logger":"airflow.task.hooks.airflow.providers.standard.hooks.subprocess.SubprocessHook","filename":"subprocess.py","lineno":106}
{"timestamp":"2026-05-07T22:59:57.577797Z","level":"info","event":"\u001b[0m22:59:57  Traceback (most recent call last):","logger":"airflow.task.hooks.airflow.providers.standard.hooks.subprocess.SubprocessHook","filename":"subprocess.py","lineno":106}
{"timestamp":"2026-05-07T22:59:57.577913Z","level":"info","event":"  File \"/home/khalidabdelrazk/projects/workshops/ELT-DuckDB-using-DBT-and-Airflow/.venv/lib/python3.10/site-packages/dbt/cli/requires.py\", line 138, in wrapper","logger":"airflow.task.hooks.airflow.providers.standard.hooks.subprocess.SubprocessHook","filename":"subprocess.py","lineno":106}
{"timestamp":"2026-05-07T22:59:57.577966Z","level":"info","event":"    result, success = func(*args, **kwargs)","logger":"airflow.task.hooks.airflow.providers.standard.hooks.subprocess.SubprocessHook","filename":"subprocess.py","lineno":106}
{"timestamp":"2026-05-07T22:59:57.578002Z","level":"info","event":"  File \"/home/khalidabdelrazk/projects/workshops/ELT-DuckDB-using-DBT-and-Airflow/.venv/lib/python3.10/site-packages/dbt/cli/requires.py\", line 101, in wrapper","logger":"airflow.task.hooks.airflow.providers.standard.hooks.subprocess.SubprocessHook","filename":"subprocess.py","lineno":106}
{"timestamp":"2026-05-07T22:59:57.578042Z","level":"info","event":"    return func(*args, **kwargs)","logger":"airflow.task.hooks.airflow.providers.standard.hooks.subprocess.SubprocessHook","filename":"subprocess.py","lineno":106}
{"timestamp":"2026-05-07T22:59:57.578111Z","level":"info","event":"  File \"/home/khalidabdelrazk/projects/workshops/ELT-DuckDB-using-DBT-and-Airflow/.venv/lib/python3.10/site-packages/dbt/cli/requires.py\", line 215, in wrapper","logger":"airflow.task.hooks.airflow.providers.standard.hooks.subprocess.SubprocessHook","filename":"subprocess.py","lineno":106}
{"timestamp":"2026-05-07T22:59:57.578194Z","level":"info","event":"    profile = load_profile(flags.PROJECT_DIR, flags.VARS, flags.PROFILE, flags.TARGET, threads)","logger":"airflow.task.hooks.airflow.providers.standard.hooks.subprocess.SubprocessHook","filename":"subprocess.py","lineno":106}
{"timestamp":"2026-05-07T22:59:57.578234Z","level":"info","event":"  File \"/home/khalidabdelrazk/projects/workshops/ELT-DuckDB-using-DBT-and-Airflow/.venv/lib/python3.10/site-packages/dbt/config/runtime.py\", line 71, in load_profile","logger":"airflow.task.hooks.airflow.providers.standard.hooks.subprocess.SubprocessHook","filename":"subprocess.py","lineno":106}
{"timestamp":"2026-05-07T22:59:57.578311Z","level":"info","event":"    profile = Profile.render(","logger":"airflow.task.hooks.airflow.providers.standard.hooks.subprocess.SubprocessHook","filename":"subprocess.py","lineno":106}
{"timestamp":"2026-05-07T22:59:57.578349Z","level":"info","event":"  File \"/home/khalidabdelrazk/projects/workshops/ELT-DuckDB-using-DBT-and-Airflow/.venv/lib/python3.10/site-packages/dbt/config/profile.py\", line 403, in render","logger":"airflow.task.hooks.airflow.providers.standard.hooks.subprocess.SubprocessHook","filename":"subprocess.py","lineno":106}
{"timestamp":"2026-05-07T22:59:57.578417Z","level":"info","event":"    return cls.from_raw_profiles(","logger":"airflow.task.hooks.airflow.providers.standard.hooks.subprocess.SubprocessHook","filename":"subprocess.py","lineno":106}
{"timestamp":"2026-05-07T22:59:57.578500Z","level":"info","event":"  File \"/home/khalidabdelrazk/projects/workshops/ELT-DuckDB-using-DBT-and-Airflow/.venv/lib/python3.10/site-packages/dbt/config/profile.py\", line 369, in from_raw_profiles","logger":"airflow.task.hooks.airflow.providers.standard.hooks.subprocess.SubprocessHook","filename":"subprocess.py","lineno":106}
{"timestamp":"2026-05-07T22:59:57.578574Z","level":"info","event":"    return cls.from_raw_profile_info(","logger":"airflow.task.hooks.airflow.providers.standard.hooks.subprocess.SubprocessHook","filename":"subprocess.py","lineno":106}
{"timestamp":"2026-05-07T22:59:57.578649Z","level":"info","event":"  File \"/home/khalidabdelrazk/projects/workshops/ELT-DuckDB-using-DBT-and-Airflow/.venv/lib/python3.10/site-packages/dbt/config/profile.py\", line 325, in from_raw_profile_info","logger":"airflow.task.hooks.airflow.providers.standard.hooks.subprocess.SubprocessHook","filename":"subprocess.py","lineno":106}
{"timestamp":"2026-05-07T22:59:57.578695Z","level":"info","event":"    credentials: Credentials = cls._credentials_from_profile(","logger":"airflow.task.hooks.airflow.providers.standard.hooks.subprocess.SubprocessHook","filename":"subprocess.py","lineno":106}
{"timestamp":"2026-05-07T22:59:57.578745Z","level":"info","event":"  File \"/home/khalidabdelrazk/projects/workshops/ELT-DuckDB-using-DBT-and-Airflow/.venv/lib/python3.10/site-packages/dbt/config/profile.py\", line 149, in _credentials_from_profile","logger":"airflow.task.hooks.airflow.providers.standard.hooks.subprocess.SubprocessHook","filename":"subprocess.py","lineno":106}
{"timestamp":"2026-05-07T22:59:57.578805Z","level":"info","event":"    cls = load_plugin(typename)","logger":"airflow.task.hooks.airflow.providers.standard.hooks.subprocess.SubprocessHook","filename":"subprocess.py","lineno":106}
{"timestamp":"2026-05-07T22:59:57.578866Z","level":"info","event":"  File \"/home/khalidabdelrazk/projects/workshops/ELT-DuckDB-using-DBT-and-Airflow/.venv/lib/python3.10/site-packages/dbt/adapters/factory.py\", line 239, in load_plugin","logger":"airflow.task.hooks.airflow.providers.standard.hooks.subprocess.SubprocessHook","filename":"subprocess.py","lineno":106}
{"timestamp":"2026-05-07T22:59:57.578921Z","level":"info","event":"    return FACTORY.load_plugin(name)","logger":"airflow.task.hooks.airflow.providers.standard.hooks.subprocess.SubprocessHook","filename":"subprocess.py","lineno":106}
{"timestamp":"2026-05-07T22:59:57.578979Z","level":"info","event":"  File \"/home/khalidabdelrazk/projects/workshops/ELT-DuckDB-using-DBT-and-Airflow/.venv/lib/python3.10/site-packages/dbt/adapters/factory.py\", line 68, in load_plugin","logger":"airflow.task.hooks.airflow.providers.standard.hooks.subprocess.SubprocessHook","filename":"subprocess.py","lineno":106}
{"timestamp":"2026-05-07T22:59:57.579040Z","level":"info","event":"    mod: Any = import_module(\".\" + name, \"dbt.adapters\")","logger":"airflow.task.hooks.airflow.providers.standard.hooks.subprocess.SubprocessHook","filename":"subprocess.py","lineno":106}
{"timestamp":"2026-05-07T22:59:57.579105Z","level":"info","event":"  File \"/usr/lib/python3.10/importlib/__init__.py\", line 126, in import_module","logger":"airflow.task.hooks.airflow.providers.standard.hooks.subprocess.SubprocessHook","filename":"subprocess.py","lineno":106}
{"timestamp":"2026-05-07T22:59:57.579165Z","level":"info","event":"    return _bootstrap._gcd_import(name[level:], package, level)","logger":"airflow.task.hooks.airflow.providers.standard.hooks.subprocess.SubprocessHook","filename":"subprocess.py","lineno":106}
{"timestamp":"2026-05-07T22:59:57.579223Z","level":"info","event":"  File \"<frozen importlib._bootstrap>\", line 1050, in _gcd_import","logger":"airflow.task.hooks.airflow.providers.standard.hooks.subprocess.SubprocessHook","filename":"subprocess.py","lineno":106}
{"timestamp":"2026-05-07T22:59:57.579281Z","level":"info","event":"  File \"<frozen importlib._bootstrap>\", line 1027, in _find_and_load","logger":"airflow.task.hooks.airflow.providers.standard.hooks.subprocess.SubprocessHook","filename":"subprocess.py","lineno":106}
{"timestamp":"2026-05-07T22:59:57.579339Z","level":"info","event":"  File \"<frozen importlib._bootstrap>\", line 1006, in _find_and_load_unlocked","logger":"airflow.task.hooks.airflow.providers.standard.hooks.subprocess.SubprocessHook","filename":"subprocess.py","lineno":106}
{"timestamp":"2026-05-07T22:59:57.579398Z","level":"info","event":"  File \"<frozen importlib._bootstrap>\", line 688, in _load_unlocked","logger":"airflow.task.hooks.airflow.providers.standard.hooks.subprocess.SubprocessHook","filename":"subprocess.py","lineno":106}
{"timestamp":"2026-05-07T22:59:57.579457Z","level":"info","event":"  File \"<frozen importlib._bootstrap_external>\", line 883, in exec_module","logger":"airflow.task.hooks.airflow.providers.standard.hooks.subprocess.SubprocessHook","filename":"subprocess.py","lineno":106}
{"timestamp":"2026-05-07T22:59:57.579513Z","level":"info","event":"  File \"<frozen importlib._bootstrap>\", line 241, in _call_with_frames_removed","logger":"airflow.task.hooks.airflow.providers.standard.hooks.subprocess.SubprocessHook","filename":"subprocess.py","lineno":106}
{"timestamp":"2026-05-07T22:59:57.579571Z","level":"info","event":"  File \"/home/khalidabdelrazk/projects/workshops/ELT-DuckDB-using-DBT-and-Airflow/.venv/lib/python3.10/site-packages/dbt/adapters/duckdb/__init__.py\", line 4, in <module>","logger":"airflow.task.hooks.airflow.providers.standard.hooks.subprocess.SubprocessHook","filename":"subprocess.py","lineno":106}
{"timestamp":"2026-05-07T22:59:57.579631Z","level":"info","event":"    from dbt.adapters.duckdb.impl import DuckDBAdapter","logger":"airflow.task.hooks.airflow.providers.standard.hooks.subprocess.SubprocessHook","filename":"subprocess.py","lineno":106}
{"timestamp":"2026-05-07T22:59:57.579689Z","level":"info","event":"  File \"/home/khalidabdelrazk/projects/workshops/ELT-DuckDB-using-DBT-and-Airflow/.venv/lib/python3.10/site-packages/dbt/adapters/duckdb/impl.py\", line 94, in <module>","logger":"airflow.task.hooks.airflow.providers.standard.hooks.subprocess.SubprocessHook","filename":"subprocess.py","lineno":106}
{"timestamp":"2026-05-07T22:59:57.579748Z","level":"info","event":"    class DuckDBAdapter(SQLAdapter):","logger":"airflow.task.hooks.airflow.providers.standard.hooks.subprocess.SubprocessHook","filename":"subprocess.py","lineno":106}
{"timestamp":"2026-05-07T22:59:57.579805Z","level":"info","event":"  File \"/home/khalidabdelrazk/projects/workshops/ELT-DuckDB-using-DBT-and-Airflow/.venv/lib/python3.10/site-packages/dbt/adapters/duckdb/impl.py\", line 111, in DuckDBAdapter","logger":"airflow.task.hooks.airflow.providers.standard.hooks.subprocess.SubprocessHook","filename":"subprocess.py","lineno":106}
{"timestamp":"2026-05-07T22:59:57.579863Z","level":"info","event":"    Capability.MicrobatchConcurrency: CapabilitySupport(support=Support.Full),","logger":"airflow.task.hooks.airflow.providers.standard.hooks.subprocess.SubprocessHook","filename":"subprocess.py","lineno":106}
{"timestamp":"2026-05-07T22:59:57.579926Z","level":"info","event":"  File \"/usr/lib/python3.10/enum.py\", line 437, in __getattr__","logger":"airflow.task.hooks.airflow.providers.standard.hooks.subprocess.SubprocessHook","filename":"subprocess.py","lineno":106}
{"timestamp":"2026-05-07T22:59:57.579989Z","level":"info","event":"    raise AttributeError(name) from None","logger":"airflow.task.hooks.airflow.providers.standard.hooks.subprocess.SubprocessHook","filename":"subprocess.py","lineno":106}
{"timestamp":"2026-05-07T22:59:57.580047Z","level":"info","event":"AttributeError: MicrobatchConcurrency","logger":"airflow.task.hooks.airflow.providers.standard.hooks.subprocess.SubprocessHook","filename":"subprocess.py","lineno":106}
{"timestamp":"2026-05-07T22:59:57.580118Z","level":"info","event":"","logger":"airflow.task.hooks.airflow.providers.standard.hooks.subprocess.SubprocessHook","filename":"subprocess.py","lineno":106}
{"timestamp":"2026-05-07T22:59:58.820144Z","level":"info","event":"Command exited with return code 2","logger":"airflow.task.hooks.airflow.providers.standard.hooks.subprocess.SubprocessHook","filename":"subprocess.py","lineno":110}
{"timestamp":"2026-05-07T22:59:58.820481Z","level":"error","event":"Task failed with exception","logger":"task","filename":"task_runner.py","lineno":972,"error_detail":[{"exc_type":"AirflowException","exc_value":"Bash command failed. The command returned a non-zero exit code 2.","exc_notes":[],"syntax_error":null,"is_cause":false,"frames":[{"filename":"/home/khalidabdelrazk/projects/workshops/ELT-DuckDB-using-DBT-and-Airflow/.venv/lib/python3.10/site-packages/airflow/sdk/execution_time/task_runner.py","lineno":920,"name":"run"},{"filename":"/home/khalidabdelrazk/projects/workshops/ELT-DuckDB-using-DBT-and-Airflow/.venv/lib/python3.10/site-packages/airflow/sdk/execution_time/task_runner.py","lineno":1307,"name":"_execute_task"},{"filename":"/home/khalidabdelrazk/projects/workshops/ELT-DuckDB-using-DBT-and-Airflow/.venv/lib/python3.10/site-packages/airflow/sdk/bases/operator.py","lineno":416,"name":"wrapper"},{"filename":"/home/khalidabdelrazk/projects/workshops/ELT-DuckDB-using-DBT-and-Airflow/.venv/lib/python3.10/site-packages/airflow/providers/standard/operators/bash.py","lineno":232,"name":"execute"}],"is_group":false,"exceptions":[]}]}
{"timestamp":"2026-05-07T22:59:58.821727Z","level":"info","event":"Task instance in failure state","logger":"task.stdout"}
{"timestamp":"2026-05-07T22:59:58.822304Z","level":"info","event":"Task start","logger":"task.stdout"}
{"timestamp":"2026-05-07T22:59:58.822379Z","level":"info","event":"Task:<Task(BashOperator): dbt_run_transformations>","logger":"task.stdout"}
{"timestamp":"2026-05-07T22:59:58.822450Z","level":"info","event":"Failure caused by Bash command failed. The command returned a non-zero exit code 2.","logger":"task.stdout"}
