{"timestamp":"2026-05-07T22:55:33.626385Z","level":"info","event":"DAG bundles loaded: dags-folder, example_dags","logger":"airflow.dag_processing.bundles.manager.DagBundlesManager","filename":"manager.py","lineno":179}
{"timestamp":"2026-05-07T22:55:33.627535Z","level":"info","event":"Filling up the DagBag from /home/khalidabdelrazk/projects/workshops/ELT-DuckDB-using-DBT-and-Airflow/airflow_home/dags/get_data_from_ds.py","logger":"airflow.models.dagbag.DagBag","filename":"dagbag.py","lineno":593}
{"timestamp":"2026-05-07T22:55:33.759408Z","level":"warning","event":"The `airflow.operators.python.PythonOperator` attribute is deprecated. Please use `'airflow.providers.standard.operators.python.PythonOperator'`.","category":"DeprecatedImportWarning","filename":"/home/khalidabdelrazk/projects/workshops/ELT-DuckDB-using-DBT-and-Airflow/airflow_home/dags/get_data_from_ds.py","lineno":5,"logger":"py.warnings"}
{"timestamp":"2026-05-07T22:55:33.791583Z","level":"info","event":"Task instance is in running state","logger":"task.stdout"}
{"timestamp":"2026-05-07T22:55:33.791798Z","level":"info","event":" Previous state of the Task instance: TaskInstanceState.QUEUED","logger":"task.stdout"}
{"timestamp":"2026-05-07T22:55:33.791995Z","level":"info","event":"Current task name:get_data_task","logger":"task.stdout"}
{"timestamp":"2026-05-07T22:55:33.792094Z","level":"info","event":"Dag name:get_data_from_ds","logger":"task.stdout"}
{"timestamp":"2026-05-07T22:55:33.793768Z","level":"info","event":"Downloading olistbr/brazilian-ecommerce...","logger":"task.stdout"}
{"timestamp":"2026-05-07T22:55:35.237328Z","level":"info","event":"Downloading to /home/khalidabdelrazk/.cache/kagglehub/datasets/olistbr/brazilian-ecommerce/2.archive...","logger":"task.stdout"}
{"timestamp":"2026-05-07T22:55:47.946122Z","level":"error","event":"\r  0%|          | 0.00/42.6M [00:00<?, ?B/s]\r  2%|▏         | 1.00M/42.6M [00:00<00:23, 1.84MB/s]\r  5%|▍         | 2.00M/42.6M [00:00<00:16, 2.65MB/s]\r  7%|▋         | 3.00M/42.6M [00:01<00:13, 3.12MB/s]\r  9%|▉         | 4.00M/42.6M [00:01<00:11, 3.39MB/s]\r 12%|█▏        | 5.00M/42.6M [00:01<00:11, 3.55MB/s]\r 14%|█▍        | 6.00M/42.6M [00:01<00:10, 3.66MB/s]\r 16%|█▋        | 7.00M/42.6M [00:02<00:10, 3.71MB/s]\r 19%|█▉        | 8.00M/42.6M [00:02<00:09, 3.74MB/s]\r 21%|██        | 9.00M/42.6M [00:02<00:09, 3.75MB/s]\r 23%|██▎       | 10.0M/42.6M [00:03<00:09, 3.75MB/s]\r 26%|██▌       | 11.0M/42.6M [00:03<00:08, 3.76MB/s]\r 28%|██▊       | 12.0M/42.6M [00:03<00:08, 3.75MB/s]\r 30%|███       | 13.0M/42.6M [00:03<00:08, 3.71MB/s]\r 33%|███▎      | 14.0M/42.6M [00:04<00:08, 3.73MB/s]\r 35%|███▌      | 15.0M/42.6M [00:04<00:07, 3.72MB/s]\r 38%|███▊      | 16.0M/42.6M [00:04<00:07, 3.72MB/s]\r 40%|███▉      | 17.0M/42.6M [00:04<00:07, 3.71MB/s]\r 42%|████▏     | 18.0M/42.6M [00:05<00:06, 3.71MB/s]\r 45%|████▍     | 19.0M/42.6M [00:05<00:07, 3.47MB/s]\r 47%|████▋     | 20.0M/42.6M [00:05<00:07, 3.36MB/s]\r 49%|████▉     | 21.0M/42.6M [00:06<00:06, 3.45MB/s]\r 52%|█████▏    | 22.0M/42.6M [00:06<00:06, 3.52MB/s]\r 54%|█████▍    | 23.0M/42.6M [00:06<00:06, 3.38MB/s]\r 56%|█████▋    | 24.0M/42.6M [00:07<00:05, 3.45MB/s]\r 59%|█████▊    | 25.0M/42.6M [00:07<00:05, 3.51MB/s]\r 61%|██████    | 26.0M/42.6M [00:07<00:04, 3.57MB/s]\r 63%|██████▎   | 27.0M/42.6M [00:08<00:04, 3.63MB/s]\r 66%|██████▌   | 28.0M/42.6M [00:08<00:04, 3.64MB/s]\r 68%|██████▊   | 29.0M/42.6M [00:08<00:03, 3.64MB/s]\r 70%|███████   | 30.0M/42.6M [00:08<00:03, 3.60MB/s]\r 73%|███████▎  | 31.0M/42.6M [00:09<00:03, 3.58MB/s]\r 75%|███████▌  | 32.0M/42.6M [00:09<00:03, 3.59MB/s]\r 77%|███████▋  | 33.0M/42.6M [00:09<00:02, 3.60MB/s]\r 80%|███████▉  | 34.0M/42.6M [00:10<00:02, 3.61MB/s]\r 82%|████████▏ | 35.0M/42.6M [00:10<00:02, 3.65MB/s]\r 84%|████████▍ | 36.0M/42.6M [00:10<00:01, 3.64MB/s]\r 87%|████████▋ | 37.0M/42.6M [00:11<00:01, 3.27MB/s]\r 89%|████████▉ | 38.0M/42.6M [00:11<00:01, 3.38MB/s]\r 91%|█████████▏| 39.0M/42.6M [00:11<00:01, 3.43MB/s]\r 94%|█████████▍| 40.0M/42.6M [00:11<00:00, 3.40MB/s]\r 96%|█████████▌| 41.0M/42.6M [00:12<00:00, 3.37MB/s]\r 98%|█████████▊| 42.0M/42.6M [00:12<00:00, 3.45MB/s]\r100%|██████████| 42.6M/42.6M [00:12<00:00, 3.47MB/s]\r100%|██████████| 42.6M/42.6M [00:12<00:00, 3.52MB/s]","logger":"task.stderr"}
{"timestamp":"2026-05-07T22:55:47.946725Z","level":"info","event":"Extracting files...","logger":"task.stdout"}
{"timestamp":"2026-05-07T22:55:48.707070Z","level":"info","event":"Kagglehub cache path: /home/khalidabdelrazk/.cache/kagglehub/datasets/olistbr/brazilian-ecommerce/versions/2","logger":"task.stdout"}
{"timestamp":"2026-05-07T22:55:48.742162Z","level":"info","event":"Successfully copied: olist_geolocation_dataset.csv","logger":"task.stdout"}
{"timestamp":"2026-05-07T22:55:48.742474Z","level":"info","event":"Successfully copied: product_category_name_translation.csv","logger":"task.stdout"}
{"timestamp":"2026-05-07T22:55:48.751895Z","level":"info","event":"Successfully copied: olist_order_items_dataset.csv","logger":"task.stdout"}
{"timestamp":"2026-05-07T22:55:48.753418Z","level":"info","event":"Successfully copied: olist_products_dataset.csv","logger":"task.stdout"}
{"timestamp":"2026-05-07T22:55:48.753731Z","level":"info","event":"Successfully copied: olist_sellers_dataset.csv","logger":"task.stdout"}
{"timestamp":"2026-05-07T22:55:48.757169Z","level":"info","event":"Successfully copied: olist_order_payments_dataset.csv","logger":"task.stdout"}
{"timestamp":"2026-05-07T22:55:48.765978Z","level":"info","event":"Successfully copied: olist_order_reviews_dataset.csv","logger":"task.stdout"}
{"timestamp":"2026-05-07T22:55:48.775354Z","level":"info","event":"Successfully copied: olist_orders_dataset.csv","logger":"task.stdout"}
{"timestamp":"2026-05-07T22:55:48.781539Z","level":"info","event":"Successfully copied: olist_customers_dataset.csv","logger":"task.stdout"}
{"timestamp":"2026-05-07T22:55:48.781654Z","level":"info","event":"Total files copied to project: 9","logger":"task.stdout"}
{"timestamp":"2026-05-07T22:55:48.781824Z","level":"info","event":"Done. Returned value was: /home/khalidabdelrazk/projects/workshops/ELT-DuckDB-using-DBT-and-Airflow/data","logger":"airflow.task.operators.airflow.providers.standard.operators.python.PythonOperator","filename":"python.py","lineno":218}
{"timestamp":"2026-05-07T22:55:48.782022Z","level":"info","event":"Pushing xcom","ti":"RuntimeTaskInstance(id=UUID('019e04a7-4a4f-701f-8135-8429a3e5a84a'), task_id='get_data_task', dag_id='get_data_from_ds', run_id='manual__2026-05-07T22:55:32.934257+00:00', try_number=1, dag_version_id=UUID('019e049d-094b-7fc0-bc06-5286aed54453'), map_index=-1, hostname='khalidabdelrazk-HP-ZBook-15-G4', context_carrier={}, task=<Task(PythonOperator): get_data_task>, bundle_instance=LocalDagBundle(name=dags-folder), max_tries=0, start_date=datetime.datetime(2026, 5, 7, 22, 55, 33, 594121, tzinfo=datetime.timezone.utc), end_date=None, state=<TaskInstanceState.RUNNING: 'running'>, is_mapped=False, rendered_map_index=None)","logger":"task","filename":"task_runner.py","lineno":1352}
{"timestamp":"2026-05-07T22:55:48.815715Z","level":"info","event":"Task instance in success state","logger":"task.stdout"}
{"timestamp":"2026-05-07T22:55:48.815863Z","level":"info","event":" Previous state of the Task instance: TaskInstanceState.RUNNING","logger":"task.stdout"}
{"timestamp":"2026-05-07T22:55:48.815989Z","level":"info","event":"Task operator:<Task(PythonOperator): get_data_task>","logger":"task.stdout"}
