{"timestamp":"2026-05-07T23:08:16.243637Z","level":"info","event":"DAG bundles loaded: dags-folder, example_dags","logger":"airflow.dag_processing.bundles.manager.DagBundlesManager","filename":"manager.py","lineno":179}
{"timestamp":"2026-05-07T23:08:16.244402Z","level":"info","event":"Filling up the DagBag from /home/khalidabdelrazk/projects/workshops/ELT-DuckDB-using-DBT-and-Airflow/airflow_home/dags/olist_end_to_end_pipeline.py","logger":"airflow.models.dagbag.DagBag","filename":"dagbag.py","lineno":593}
{"timestamp":"2026-05-07T23:08:16.291697Z","level":"info","event":"Task instance is in running state","logger":"task.stdout"}
{"timestamp":"2026-05-07T23:08:16.291990Z","level":"info","event":" Previous state of the Task instance: TaskInstanceState.QUEUED","logger":"task.stdout"}
{"timestamp":"2026-05-07T23:08:16.292118Z","level":"info","event":"Current task name:dbt_run_transformations","logger":"task.stdout"}
{"timestamp":"2026-05-07T23:08:16.292177Z","level":"info","event":"Dag name:olist_end_to_end_pipeline","logger":"task.stdout"}
{"timestamp":"2026-05-07T23:08:16.292497Z","level":"info","event":"Tmp dir root location: /tmp","logger":"airflow.task.hooks.airflow.providers.standard.hooks.subprocess.SubprocessHook","filename":"subprocess.py","lineno":78}
{"timestamp":"2026-05-07T23:08:16.292581Z","level":"info","event":"Running command: ['/usr/bin/bash', '-c', '/home/khalidabdelrazk/projects/workshops/ELT-DuckDB-using-DBT-and-Airflow/.venv/bin/dbt run --profiles-dir /home/khalidabdelrazk/.dbt']","logger":"airflow.task.hooks.airflow.providers.standard.hooks.subprocess.SubprocessHook","filename":"subprocess.py","lineno":88}
{"timestamp":"2026-05-07T23:08:16.304205Z","level":"info","event":"Output:","logger":"airflow.task.hooks.airflow.providers.standard.hooks.subprocess.SubprocessHook","filename":"subprocess.py","lineno":99}
{"timestamp":"2026-05-07T23:08:18.114073Z","level":"info","event":"\u001b[0m23:08:18  Running with dbt=1.11.9","logger":"airflow.task.hooks.airflow.providers.standard.hooks.subprocess.SubprocessHook","filename":"subprocess.py","lineno":106}
{"timestamp":"2026-05-07T23:08:18.502843Z","level":"info","event":"\u001b[0m23:08:18  Registered adapter: duckdb=1.10.1","logger":"airflow.task.hooks.airflow.providers.standard.hooks.subprocess.SubprocessHook","filename":"subprocess.py","lineno":106}
{"timestamp":"2026-05-07T23:08:18.812530Z","level":"info","event":"\u001b[0m23:08:18  Unable to do partial parsing because profile has changed","logger":"airflow.task.hooks.airflow.providers.standard.hooks.subprocess.SubprocessHook","filename":"subprocess.py","lineno":106}
{"timestamp":"2026-05-07T23:08:21.029129Z","level":"info","event":"\u001b[0m23:08:21  Found 17 models, 7 data tests, 16 sources, 478 macros","logger":"airflow.task.hooks.airflow.providers.standard.hooks.subprocess.SubprocessHook","filename":"subprocess.py","lineno":106}
{"timestamp":"2026-05-07T23:08:21.032641Z","level":"info","event":"\u001b[0m23:08:21","logger":"airflow.task.hooks.airflow.providers.standard.hooks.subprocess.SubprocessHook","filename":"subprocess.py","lineno":106}
{"timestamp":"2026-05-07T23:08:21.033229Z","level":"info","event":"\u001b[0m23:08:21  Concurrency: 1 threads (target='dev')","logger":"airflow.task.hooks.airflow.providers.standard.hooks.subprocess.SubprocessHook","filename":"subprocess.py","lineno":106}
{"timestamp":"2026-05-07T23:08:21.033721Z","level":"info","event":"\u001b[0m23:08:21","logger":"airflow.task.hooks.airflow.providers.standard.hooks.subprocess.SubprocessHook","filename":"subprocess.py","lineno":106}
{"timestamp":"2026-05-07T23:08:21.190492Z","level":"info","event":"\u001b[0m23:08:21  1 of 17 START sql view model staging.stg_customers ............................. [RUN]","logger":"airflow.task.hooks.airflow.providers.standard.hooks.subprocess.SubprocessHook","filename":"subprocess.py","lineno":106}
{"timestamp":"2026-05-07T23:08:21.295272Z","level":"info","event":"\u001b[0m23:08:21  1 of 17 OK created sql view model staging.stg_customers ........................ [\u001b[32mOK\u001b[0m in 0.10s]","logger":"airflow.task.hooks.airflow.providers.standard.hooks.subprocess.SubprocessHook","filename":"subprocess.py","lineno":106}
{"timestamp":"2026-05-07T23:08:21.298464Z","level":"info","event":"\u001b[0m23:08:21  2 of 17 START sql view model staging.stg_geolocation ........................... [RUN]","logger":"airflow.task.hooks.airflow.providers.standard.hooks.subprocess.SubprocessHook","filename":"subprocess.py","lineno":106}
{"timestamp":"2026-05-07T23:08:21.340754Z","level":"info","event":"\u001b[0m23:08:21  2 of 17 OK created sql view model staging.stg_geolocation ...................... [\u001b[32mOK\u001b[0m in 0.04s]","logger":"airflow.task.hooks.airflow.providers.standard.hooks.subprocess.SubprocessHook","filename":"subprocess.py","lineno":106}
{"timestamp":"2026-05-07T23:08:21.342990Z","level":"info","event":"\u001b[0m23:08:21  3 of 17 START sql view model staging.stg_order_items ........................... [RUN]","logger":"airflow.task.hooks.airflow.providers.standard.hooks.subprocess.SubprocessHook","filename":"subprocess.py","lineno":106}
{"timestamp":"2026-05-07T23:08:21.378570Z","level":"info","event":"\u001b[0m23:08:21  3 of 17 OK created sql view model staging.stg_order_items ...................... [\u001b[32mOK\u001b[0m in 0.03s]","logger":"airflow.task.hooks.airflow.providers.standard.hooks.subprocess.SubprocessHook","filename":"subprocess.py","lineno":106}
{"timestamp":"2026-05-07T23:08:21.380880Z","level":"info","event":"\u001b[0m23:08:21  4 of 17 START sql view model staging.stg_orders ................................ [RUN]","logger":"airflow.task.hooks.airflow.providers.standard.hooks.subprocess.SubprocessHook","filename":"subprocess.py","lineno":106}
{"timestamp":"2026-05-07T23:08:21.421744Z","level":"info","event":"\u001b[0m23:08:21  4 of 17 OK created sql view model staging.stg_orders ........................... [\u001b[32mOK\u001b[0m in 0.04s]","logger":"airflow.task.hooks.airflow.providers.standard.hooks.subprocess.SubprocessHook","filename":"subprocess.py","lineno":106}
{"timestamp":"2026-05-07T23:08:21.425147Z","level":"info","event":"\u001b[0m23:08:21  5 of 17 START sql view model staging.stg_payments .............................. [RUN]","logger":"airflow.task.hooks.airflow.providers.standard.hooks.subprocess.SubprocessHook","filename":"subprocess.py","lineno":106}
{"timestamp":"2026-05-07T23:08:21.467369Z","level":"info","event":"\u001b[0m23:08:21  5 of 17 OK created sql view model staging.stg_payments ......................... [\u001b[32mOK\u001b[0m in 0.04s]","logger":"airflow.task.hooks.airflow.providers.standard.hooks.subprocess.SubprocessHook","filename":"subprocess.py","lineno":106}
{"timestamp":"2026-05-07T23:08:21.470356Z","level":"info","event":"\u001b[0m23:08:21  6 of 17 START sql view model staging.stg_products .............................. [RUN]","logger":"airflow.task.hooks.airflow.providers.standard.hooks.subprocess.SubprocessHook","filename":"subprocess.py","lineno":106}
{"timestamp":"2026-05-07T23:08:21.513831Z","level":"info","event":"\u001b[0m23:08:21  6 of 17 OK created sql view model staging.stg_products ......................... [\u001b[32mOK\u001b[0m in 0.04s]","logger":"airflow.task.hooks.airflow.providers.standard.hooks.subprocess.SubprocessHook","filename":"subprocess.py","lineno":106}
{"timestamp":"2026-05-07T23:08:21.516078Z","level":"info","event":"\u001b[0m23:08:21  7 of 17 START sql view model staging.stg_reviews ............................... [RUN]","logger":"airflow.task.hooks.airflow.providers.standard.hooks.subprocess.SubprocessHook","filename":"subprocess.py","lineno":106}
{"timestamp":"2026-05-07T23:08:21.555287Z","level":"info","event":"\u001b[0m23:08:21  7 of 17 OK created sql view model staging.stg_reviews .......................... [\u001b[32mOK\u001b[0m in 0.04s]","logger":"airflow.task.hooks.airflow.providers.standard.hooks.subprocess.SubprocessHook","filename":"subprocess.py","lineno":106}
{"timestamp":"2026-05-07T23:08:21.557565Z","level":"info","event":"\u001b[0m23:08:21  8 of 17 START sql view model staging.stg_selllers .............................. [RUN]","logger":"airflow.task.hooks.airflow.providers.standard.hooks.subprocess.SubprocessHook","filename":"subprocess.py","lineno":106}
{"timestamp":"2026-05-07T23:08:21.593080Z","level":"info","event":"\u001b[0m23:08:21  8 of 17 OK created sql view model staging.stg_selllers ......................... [\u001b[32mOK\u001b[0m in 0.03s]","logger":"airflow.task.hooks.airflow.providers.standard.hooks.subprocess.SubprocessHook","filename":"subprocess.py","lineno":106}
{"timestamp":"2026-05-07T23:08:21.595489Z","level":"info","event":"\u001b[0m23:08:21  9 of 17 START sql table model marts.dim_customers .............................. [RUN]","logger":"airflow.task.hooks.airflow.providers.standard.hooks.subprocess.SubprocessHook","filename":"subprocess.py","lineno":106}
{"timestamp":"2026-05-07T23:08:22.094829Z","level":"info","event":"\u001b[0m23:08:22  9 of 17 OK created sql table model marts.dim_customers ......................... [\u001b[32mOK\u001b[0m in 0.49s]","logger":"airflow.task.hooks.airflow.providers.standard.hooks.subprocess.SubprocessHook","filename":"subprocess.py","lineno":106}
{"timestamp":"2026-05-07T23:08:22.097943Z","level":"info","event":"\u001b[0m23:08:22  10 of 17 START sql table model marts.dim_geolocation ........................... [RUN]","logger":"airflow.task.hooks.airflow.providers.standard.hooks.subprocess.SubprocessHook","filename":"subprocess.py","lineno":106}
{"timestamp":"2026-05-07T23:08:22.225512Z","level":"info","event":"\u001b[0m23:08:22  10 of 17 OK created sql table model marts.dim_geolocation ...................... [\u001b[32mOK\u001b[0m in 0.12s]","logger":"airflow.task.hooks.airflow.providers.standard.hooks.subprocess.SubprocessHook","filename":"subprocess.py","lineno":106}
{"timestamp":"2026-05-07T23:08:22.228036Z","level":"info","event":"\u001b[0m23:08:22  11 of 17 START sql table model marts.fact_order_items .......................... [RUN]","logger":"airflow.task.hooks.airflow.providers.standard.hooks.subprocess.SubprocessHook","filename":"subprocess.py","lineno":106}
{"timestamp":"2026-05-07T23:08:23.365965Z","level":"info","event":"\u001b[0m23:08:23  11 of 17 OK created sql table model marts.fact_order_items ..................... [\u001b[32mOK\u001b[0m in 1.13s]","logger":"airflow.task.hooks.airflow.providers.standard.hooks.subprocess.SubprocessHook","filename":"subprocess.py","lineno":106}
{"timestamp":"2026-05-07T23:08:23.373114Z","level":"info","event":"\u001b[0m23:08:23  12 of 17 START sql table model marts.dim_orders ................................ [RUN]","logger":"airflow.task.hooks.airflow.providers.standard.hooks.subprocess.SubprocessHook","filename":"subprocess.py","lineno":106}
{"timestamp":"2026-05-07T23:08:23.790553Z","level":"info","event":"\u001b[0m23:08:23  12 of 17 OK created sql table model marts.dim_orders ........................... [\u001b[32mOK\u001b[0m in 0.41s]","logger":"airflow.task.hooks.airflow.providers.standard.hooks.subprocess.SubprocessHook","filename":"subprocess.py","lineno":106}
{"timestamp":"2026-05-07T23:08:23.793630Z","level":"info","event":"\u001b[0m23:08:23  13 of 17 START sql table model marts.dim_payments .............................. [RUN]","logger":"airflow.task.hooks.airflow.providers.standard.hooks.subprocess.SubprocessHook","filename":"subprocess.py","lineno":106}
{"timestamp":"2026-05-07T23:08:24.712744Z","level":"info","event":"\u001b[0m23:08:24  13 of 17 OK created sql table model marts.dim_payments ......................... [\u001b[32mOK\u001b[0m in 0.92s]","logger":"airflow.task.hooks.airflow.providers.standard.hooks.subprocess.SubprocessHook","filename":"subprocess.py","lineno":106}
{"timestamp":"2026-05-07T23:08:24.714895Z","level":"info","event":"\u001b[0m23:08:24  14 of 17 START sql table model marts.dim_products .............................. [RUN]","logger":"airflow.task.hooks.airflow.providers.standard.hooks.subprocess.SubprocessHook","filename":"subprocess.py","lineno":106}
{"timestamp":"2026-05-07T23:08:25.380989Z","level":"info","event":"\u001b[0m23:08:25  14 of 17 OK created sql table model marts.dim_products ......................... [\u001b[32mOK\u001b[0m in 0.66s]","logger":"airflow.task.hooks.airflow.providers.standard.hooks.subprocess.SubprocessHook","filename":"subprocess.py","lineno":106}
{"timestamp":"2026-05-07T23:08:25.383508Z","level":"info","event":"\u001b[0m23:08:25  15 of 17 START sql table model marts.dim_reviews ............................... [RUN]","logger":"airflow.task.hooks.airflow.providers.standard.hooks.subprocess.SubprocessHook","filename":"subprocess.py","lineno":106}
{"timestamp":"2026-05-07T23:08:25.793747Z","level":"info","event":"\u001b[0m23:08:25  15 of 17 OK created sql table model marts.dim_reviews .......................... [\u001b[32mOK\u001b[0m in 0.41s]","logger":"airflow.task.hooks.airflow.providers.standard.hooks.subprocess.SubprocessHook","filename":"subprocess.py","lineno":106}
{"timestamp":"2026-05-07T23:08:25.796535Z","level":"info","event":"\u001b[0m23:08:25  16 of 17 START sql table model marts.dim_sellers ............................... [RUN]","logger":"airflow.task.hooks.airflow.providers.standard.hooks.subprocess.SubprocessHook","filename":"subprocess.py","lineno":106}
{"timestamp":"2026-05-07T23:08:26.112771Z","level":"info","event":"\u001b[0m23:08:26  16 of 17 OK created sql table model marts.dim_sellers .......................... [\u001b[32mOK\u001b[0m in 0.31s]","logger":"airflow.task.hooks.airflow.providers.standard.hooks.subprocess.SubprocessHook","filename":"subprocess.py","lineno":106}
{"timestamp":"2026-05-07T23:08:26.115437Z","level":"info","event":"\u001b[0m23:08:26  17 of 17 START sql table model marts.fct_sales_comprehensive ................... [RUN]","logger":"airflow.task.hooks.airflow.providers.standard.hooks.subprocess.SubprocessHook","filename":"subprocess.py","lineno":106}
{"timestamp":"2026-05-07T23:08:26.960468Z","level":"info","event":"\u001b[0m23:08:26  17 of 17 OK created sql table model marts.fct_sales_comprehensive .............. [\u001b[32mOK\u001b[0m in 0.84s]","logger":"airflow.task.hooks.airflow.providers.standard.hooks.subprocess.SubprocessHook","filename":"subprocess.py","lineno":106}
{"timestamp":"2026-05-07T23:08:26.972922Z","level":"info","event":"\u001b[0m23:08:26","logger":"airflow.task.hooks.airflow.providers.standard.hooks.subprocess.SubprocessHook","filename":"subprocess.py","lineno":106}
{"timestamp":"2026-05-07T23:08:26.973572Z","level":"info","event":"\u001b[0m23:08:26  Finished running 9 table models, 8 view models in 0 hours 0 minutes and 5.94 seconds (5.94s).","logger":"airflow.task.hooks.airflow.providers.standard.hooks.subprocess.SubprocessHook","filename":"subprocess.py","lineno":106}
{"timestamp":"2026-05-07T23:08:27.038871Z","level":"info","event":"\u001b[0m23:08:27","logger":"airflow.task.hooks.airflow.providers.standard.hooks.subprocess.SubprocessHook","filename":"subprocess.py","lineno":106}
{"timestamp":"2026-05-07T23:08:27.039559Z","level":"info","event":"\u001b[0m23:08:27  \u001b[32mCompleted successfully\u001b[0m","logger":"airflow.task.hooks.airflow.providers.standard.hooks.subprocess.SubprocessHook","filename":"subprocess.py","lineno":106}
{"timestamp":"2026-05-07T23:08:27.040144Z","level":"info","event":"\u001b[0m23:08:27","logger":"airflow.task.hooks.airflow.providers.standard.hooks.subprocess.SubprocessHook","filename":"subprocess.py","lineno":106}
{"timestamp":"2026-05-07T23:08:27.040743Z","level":"info","event":"\u001b[0m23:08:27  Done. PASS=17 WARN=0 ERROR=0 SKIP=0 NO-OP=0 TOTAL=17","logger":"airflow.task.hooks.airflow.providers.standard.hooks.subprocess.SubprocessHook","filename":"subprocess.py","lineno":106}
{"timestamp":"2026-05-07T23:08:27.362079Z","level":"info","event":"Command exited with return code 0","logger":"airflow.task.hooks.airflow.providers.standard.hooks.subprocess.SubprocessHook","filename":"subprocess.py","lineno":110}
{"timestamp":"2026-05-07T23:08:27.362623Z","level":"info","event":"Pushing xcom","ti":"RuntimeTaskInstance(id=UUID('019e04b2-d80f-7aca-a899-c8eae12ed543'), task_id='dbt_run_transformations', dag_id='olist_end_to_end_pipeline', run_id='manual__2026-05-07T23:08:10.108284+00:00', try_number=1, dag_version_id=UUID('019e04ae-9075-7d81-8be7-f5710ec1850a'), map_index=-1, hostname='khalidabdelrazk-HP-ZBook-15-G4', context_carrier={}, task=<Task(BashOperator): dbt_run_transformations>, bundle_instance=LocalDagBundle(name=dags-folder), max_tries=0, start_date=datetime.datetime(2026, 5, 7, 23, 8, 16, 220912, tzinfo=datetime.timezone.utc), end_date=None, state=<TaskInstanceState.RUNNING: 'running'>, is_mapped=False, rendered_map_index=None)","logger":"task","filename":"task_runner.py","lineno":1352}
{"timestamp":"2026-05-07T23:08:27.396746Z","level":"info","event":"Task instance in success state","logger":"task.stdout"}
{"timestamp":"2026-05-07T23:08:27.396851Z","level":"info","event":" Previous state of the Task instance: TaskInstanceState.RUNNING","logger":"task.stdout"}
{"timestamp":"2026-05-07T23:08:27.397277Z","level":"info","event":"Task operator:<Task(BashOperator): dbt_run_transformations>","logger":"task.stdout"}
