{"timestamp":"2026-05-07T23:08:10.962387Z","level":"info","event":"DAG bundles loaded: dags-folder, example_dags","logger":"airflow.dag_processing.bundles.manager.DagBundlesManager","filename":"manager.py","lineno":179}
{"timestamp":"2026-05-07T23:08:10.963072Z","level":"info","event":"Filling up the DagBag from /home/khalidabdelrazk/projects/workshops/ELT-DuckDB-using-DBT-and-Airflow/airflow_home/dags/olist_end_to_end_pipeline.py","logger":"airflow.models.dagbag.DagBag","filename":"dagbag.py","lineno":593}
{"timestamp":"2026-05-07T23:08:10.999208Z","level":"info","event":"Task instance is in running state","logger":"task.stdout"}
{"timestamp":"2026-05-07T23:08:10.999376Z","level":"info","event":" Previous state of the Task instance: TaskInstanceState.QUEUED","logger":"task.stdout"}
{"timestamp":"2026-05-07T23:08:10.999470Z","level":"info","event":"Current task name:ingest_csv_to_duckdb","logger":"task.stdout"}
{"timestamp":"2026-05-07T23:08:10.999532Z","level":"info","event":"Dag name:olist_end_to_end_pipeline","logger":"task.stdout"}
{"timestamp":"2026-05-07T23:08:10.999989Z","level":"info","event":"Tmp dir root location: /tmp","logger":"airflow.task.hooks.airflow.providers.standard.hooks.subprocess.SubprocessHook","filename":"subprocess.py","lineno":78}
{"timestamp":"2026-05-07T23:08:11.000075Z","level":"info","event":"Running command: ['/usr/bin/bash', '-c', '/home/khalidabdelrazk/projects/workshops/ELT-DuckDB-using-DBT-and-Airflow/.venv/bin/python main.py']","logger":"airflow.task.hooks.airflow.providers.standard.hooks.subprocess.SubprocessHook","filename":"subprocess.py","lineno":88}
{"timestamp":"2026-05-07T23:08:11.011516Z","level":"info","event":"Output:","logger":"airflow.task.hooks.airflow.providers.standard.hooks.subprocess.SubprocessHook","filename":"subprocess.py","lineno":99}
{"timestamp":"2026-05-07T23:08:15.131656Z","level":"info","event":"Latest timestamp in orders: 2018-10-17 17:30:18","logger":"airflow.task.hooks.airflow.providers.standard.hooks.subprocess.SubprocessHook","filename":"subprocess.py","lineno":106}
{"timestamp":"2026-05-07T23:08:15.131778Z","level":"info","event":"--- Processing: orders ---","logger":"airflow.task.hooks.airflow.providers.standard.hooks.subprocess.SubprocessHook","filename":"subprocess.py","lineno":106}
{"timestamp":"2026-05-07T23:08:15.131831Z","level":"info","event":"Found 0 new records for orders.","logger":"airflow.task.hooks.airflow.providers.standard.hooks.subprocess.SubprocessHook","filename":"subprocess.py","lineno":106}
{"timestamp":"2026-05-07T23:08:15.131867Z","level":"info","event":"No new records for orders.","logger":"airflow.task.hooks.airflow.providers.standard.hooks.subprocess.SubprocessHook","filename":"subprocess.py","lineno":106}
{"timestamp":"2026-05-07T23:08:15.131901Z","level":"info","event":"--- Processing: order_items ---","logger":"airflow.task.hooks.airflow.providers.standard.hooks.subprocess.SubprocessHook","filename":"subprocess.py","lineno":106}
{"timestamp":"2026-05-07T23:08:15.131930Z","level":"info","event":"Found 0 new records for order_items.","logger":"airflow.task.hooks.airflow.providers.standard.hooks.subprocess.SubprocessHook","filename":"subprocess.py","lineno":106}
{"timestamp":"2026-05-07T23:08:15.131962Z","level":"info","event":"No new records for order_items.","logger":"airflow.task.hooks.airflow.providers.standard.hooks.subprocess.SubprocessHook","filename":"subprocess.py","lineno":106}
{"timestamp":"2026-05-07T23:08:15.131992Z","level":"info","event":"--- Processing: customers ---","logger":"airflow.task.hooks.airflow.providers.standard.hooks.subprocess.SubprocessHook","filename":"subprocess.py","lineno":106}
{"timestamp":"2026-05-07T23:08:15.132020Z","level":"info","event":"Found 0 new records for customers.","logger":"airflow.task.hooks.airflow.providers.standard.hooks.subprocess.SubprocessHook","filename":"subprocess.py","lineno":106}
{"timestamp":"2026-05-07T23:08:15.132048Z","level":"info","event":"No new records for customers.","logger":"airflow.task.hooks.airflow.providers.standard.hooks.subprocess.SubprocessHook","filename":"subprocess.py","lineno":106}
{"timestamp":"2026-05-07T23:08:15.132076Z","level":"info","event":"--- Processing: products ---","logger":"airflow.task.hooks.airflow.providers.standard.hooks.subprocess.SubprocessHook","filename":"subprocess.py","lineno":106}
{"timestamp":"2026-05-07T23:08:15.132175Z","level":"info","event":"Found 0 new records for products.","logger":"airflow.task.hooks.airflow.providers.standard.hooks.subprocess.SubprocessHook","filename":"subprocess.py","lineno":106}
{"timestamp":"2026-05-07T23:08:15.132232Z","level":"info","event":"No new records for products.","logger":"airflow.task.hooks.airflow.providers.standard.hooks.subprocess.SubprocessHook","filename":"subprocess.py","lineno":106}
{"timestamp":"2026-05-07T23:08:15.132267Z","level":"info","event":"--- Processing: sellers ---","logger":"airflow.task.hooks.airflow.providers.standard.hooks.subprocess.SubprocessHook","filename":"subprocess.py","lineno":106}
{"timestamp":"2026-05-07T23:08:15.132300Z","level":"info","event":"Found 0 new records for sellers.","logger":"airflow.task.hooks.airflow.providers.standard.hooks.subprocess.SubprocessHook","filename":"subprocess.py","lineno":106}
{"timestamp":"2026-05-07T23:08:15.132329Z","level":"info","event":"No new records for sellers.","logger":"airflow.task.hooks.airflow.providers.standard.hooks.subprocess.SubprocessHook","filename":"subprocess.py","lineno":106}
{"timestamp":"2026-05-07T23:08:15.132361Z","level":"info","event":"--- Processing: reviews ---","logger":"airflow.task.hooks.airflow.providers.standard.hooks.subprocess.SubprocessHook","filename":"subprocess.py","lineno":106}
{"timestamp":"2026-05-07T23:08:15.132390Z","level":"info","event":"Found 0 new records for reviews.","logger":"airflow.task.hooks.airflow.providers.standard.hooks.subprocess.SubprocessHook","filename":"subprocess.py","lineno":106}
{"timestamp":"2026-05-07T23:08:15.132418Z","level":"info","event":"No new records for reviews.","logger":"airflow.task.hooks.airflow.providers.standard.hooks.subprocess.SubprocessHook","filename":"subprocess.py","lineno":106}
{"timestamp":"2026-05-07T23:08:15.132447Z","level":"info","event":"--- Processing: payments ---","logger":"airflow.task.hooks.airflow.providers.standard.hooks.subprocess.SubprocessHook","filename":"subprocess.py","lineno":106}
{"timestamp":"2026-05-07T23:08:15.132478Z","level":"info","event":"Found 0 new records for payments.","logger":"airflow.task.hooks.airflow.providers.standard.hooks.subprocess.SubprocessHook","filename":"subprocess.py","lineno":106}
{"timestamp":"2026-05-07T23:08:15.132509Z","level":"info","event":"No new records for payments.","logger":"airflow.task.hooks.airflow.providers.standard.hooks.subprocess.SubprocessHook","filename":"subprocess.py","lineno":106}
{"timestamp":"2026-05-07T23:08:15.132538Z","level":"info","event":"--- Processing: geolocation ---","logger":"airflow.task.hooks.airflow.providers.standard.hooks.subprocess.SubprocessHook","filename":"subprocess.py","lineno":106}
{"timestamp":"2026-05-07T23:08:15.132566Z","level":"info","event":"Found 0 new records for geolocation.","logger":"airflow.task.hooks.airflow.providers.standard.hooks.subprocess.SubprocessHook","filename":"subprocess.py","lineno":106}
{"timestamp":"2026-05-07T23:08:15.132595Z","level":"info","event":"No new records for geolocation.","logger":"airflow.task.hooks.airflow.providers.standard.hooks.subprocess.SubprocessHook","filename":"subprocess.py","lineno":106}
{"timestamp":"2026-05-07T23:08:15.240709Z","level":"info","event":"Command exited with return code 0","logger":"airflow.task.hooks.airflow.providers.standard.hooks.subprocess.SubprocessHook","filename":"subprocess.py","lineno":110}
{"timestamp":"2026-05-07T23:08:15.241295Z","level":"info","event":"Pushing xcom","ti":"RuntimeTaskInstance(id=UUID('019e04b2-d80e-74a9-a8d3-1e16604430be'), task_id='ingest_csv_to_duckdb', dag_id='olist_end_to_end_pipeline', run_id='manual__2026-05-07T23:08:10.108284+00:00', try_number=1, dag_version_id=UUID('019e04ae-9075-7d81-8be7-f5710ec1850a'), map_index=-1, hostname='khalidabdelrazk-HP-ZBook-15-G4', context_carrier={}, task=<Task(BashOperator): ingest_csv_to_duckdb>, bundle_instance=LocalDagBundle(name=dags-folder), max_tries=0, start_date=datetime.datetime(2026, 5, 7, 23, 8, 10, 938612, tzinfo=datetime.timezone.utc), end_date=None, state=<TaskInstanceState.RUNNING: 'running'>, is_mapped=False, rendered_map_index=None)","logger":"task","filename":"task_runner.py","lineno":1352}
{"timestamp":"2026-05-07T23:08:15.276764Z","level":"info","event":"Task instance in success state","logger":"task.stdout"}
{"timestamp":"2026-05-07T23:08:15.276893Z","level":"info","event":" Previous state of the Task instance: TaskInstanceState.RUNNING","logger":"task.stdout"}
{"timestamp":"2026-05-07T23:08:15.277278Z","level":"info","event":"Task operator:<Task(BashOperator): ingest_csv_to_duckdb>","logger":"task.stdout"}
